Der Buildvorgang wurde am 13.02.2012 18:35:37 gestartet.
     1>Projekt "C:\Users\Alex\FH\Master\4. Semester\Masterarbeit\TerrainRendering\Effects11\Effects11_2010.vcxproj" auf Knoten "2", build Ziel(e).
     1>InitializeBuildStatus:
         "Debug\EffectFramework.unsuccessfulbuild" wird erstellt, da "AlwaysCreate" angegeben wurde.
       ClCompile:
         c:\Program Files (x86)\Microsoft Visual Studio 10.0\VC\bin\CL.exe /c /I.\Binary /I.\Inc /I..\..\\Core /I..\..\\Optional /ZI /nologo /W4 /WX- /Od /Oi /Oy- /D WIN32 /D _DEBUG /D DEBUG /D PROFILE /D _WINDOWS /D _LIB /D D3DXFX_LARGEADDRESS_HANDLE /D _UNICODE /D UNICODE /Gm- /EHsc /RTC1 /MDd /GS /arch:SSE2 /fp:fast /Zc:wchar_t /Zc:forScope /openmp- /Fo"Debug\\" /Fd"Debug\vc100.pdb" /Gd /TP /analyze- /errorReport:prompt d3dx11dbg.cpp d3dxGlobal.cpp EffectAPI.cpp EffectLoad.cpp EffectNonRuntime.cpp EffectReflection.cpp EffectRuntime.cpp  
         d3dx11dbg.cpp
         d3dxGlobal.cpp
         EffectAPI.cpp
         EffectLoad.cpp
         EffectNonRuntime.cpp
         EffectReflection.cpp
         EffectRuntime.cpp
         Code wird generiert...
       Lib:
         c:\Program Files (x86)\Microsoft Visual Studio 10.0\VC\bin\Lib.exe /OUT:"C:\Users\Alex\FH\Master\4. Semester\Masterarbeit\TerrainRendering\Debug\EffectFramework.lib" /NOLOGO Debug\d3dx11dbg.obj
         Debug\d3dxGlobal.obj
         Debug\EffectAPI.obj
         Debug\EffectLoad.obj
         Debug\EffectNonRuntime.obj
         Debug\EffectReflection.obj
         Debug\EffectRuntime.obj
         Effects11_2010.vcxproj -> C:\Users\Alex\FH\Master\4. Semester\Masterarbeit\TerrainRendering\Debug\EffectFramework.lib
       FinalizeBuildStatus:
         Die Datei "Debug\EffectFramework.unsuccessfulbuild" wird gelöscht.
         Aktualisieren des Timestamps von "Debug\EffectFramework.lastbuildstate".
     1>Die Erstellung des Projekts "C:\Users\Alex\FH\Master\4. Semester\Masterarbeit\TerrainRendering\Effects11\Effects11_2010.vcxproj" ist abgeschlossen, build Ziel(e).

Das Erstellen war erfolgreich.

Verstrichene Zeit 00:00:13.61
